mobile/android-demo/android-build/build/intermediates/manifest_merge_blame_file/debug/manifest-merger-blame-debug-report.txt
1<?xml version="1.0" encoding="utf-8"?>
2<manifest xmlns:android="http://schemas.android.com/apk/res/android"
3    package="org.qtproject.example.qtandroiddemo"
4    android:installLocation="auto"
5    android:versionCode="1"
6    android:versionName="1.0" > <!-- Android SDK最低版本 -->
7    <uses-sdk
7-->android-demo/android-build/AndroidManifest.xml:9:5-73
8        android:minSdkVersion="21"
8-->android-demo/android-build/AndroidManifest.xml:9:15-41
9        android:targetSdkVersion="30" />
9-->android-demo/android-build/AndroidManifest.xml:9:42-71
10
11    <!-- 权限声明 -->
12    <uses-permission android:name="android.permission.INTERNET" />
12-->android-demo/android-build/AndroidManifest.xml:12:5-67
12-->android-demo/android-build/AndroidManifest.xml:12:22-64
13    <uses-permission android:name="android.permission.ACCESS_NETWORK_STATE" />
13-->android-demo/android-build/AndroidManifest.xml:13:5-79
13-->android-demo/android-build/AndroidManifest.xml:13:22-76
14    <uses-permission android:name="android.permission.WRITE_EXTERNAL_STORAGE" />
14-->android-demo/android-build/AndroidManifest.xml:14:5-81
14-->android-demo/android-build/AndroidManifest.xml:14:22-78
15    <uses-permission android:name="android.permission.CAMERA" />
15-->android-demo/android-build/AndroidManifest.xml:15:5-65
15-->android-demo/android-build/AndroidManifest.xml:15:22-62
16    <uses-permission android:name="android.permission.VIBRATE" />
16-->android-demo/android-build/AndroidManifest.xml:16:5-66
16-->android-demo/android-build/AndroidManifest.xml:16:22-63
17
18    <permission
18-->[androidx.core:core:1.13.1] AndroidManifest.xml:22:5-24:47
19        android:name="org.qtproject.example.qtandroiddemo.DYNAMIC_RECEIVER_NOT_EXPORTED_PERMISSION"
19-->[androidx.core:core:1.13.1] AndroidManifest.xml:23:9-81
20        android:protectionLevel="signature" />
20-->[androidx.core:core:1.13.1] AndroidManifest.xml:24:9-44
21
22    <uses-permission android:name="org.qtproject.example.qtandroiddemo.DYNAMIC_RECEIVER_NOT_EXPORTED_PERMISSION" /> <!-- 应用程序配置 -->
22-->[androidx.core:core:1.13.1] AndroidManifest.xml:26:5-97
22-->[androidx.core:core:1.13.1] AndroidManifest.xml:26:22-94
23    <application
23-->android-demo/android-build/AndroidManifest.xml:19:5-53:19
24        android:name="org.qtproject.qt.android.bindings.QtApplication"
24-->android-demo/android-build/AndroidManifest.xml:20:18-80
25        android:allowBackup="true"
25-->android-demo/android-build/AndroidManifest.xml:24:18-44
26        android:appComponentFactory="androidx.core.app.CoreComponentFactory"
26-->[androidx.core:core:1.13.1] AndroidManifest.xml:28:18-86
27        android:debuggable="true"
28        android:fullBackupContent="false"
28-->android-demo/android-build/AndroidManifest.xml:25:18-51
29        android:hardwareAccelerated="true"
29-->android-demo/android-build/AndroidManifest.xml:19:18-52
30        android:icon="@drawable/icon"
30-->android-demo/android-build/AndroidManifest.xml:22:18-47
31        android:label="Qt Android Demo"
31-->android-demo/android-build/AndroidManifest.xml:21:18-49
32        android:theme="@android:style/Theme.Material.Light.NoActionBar" >
32-->android-demo/android-build/AndroidManifest.xml:23:18-81
33
34        <!-- 主Activity -->
35        <activity
35-->android-demo/android-build/AndroidManifest.xml:28:9-52:20
36            android:name="org.qtproject.qt.android.bindings.QtActivity"
36-->android-demo/android-build/AndroidManifest.xml:29:19-78
37            android:configChanges="orientation|uiMode|screenLayout|screenSize|smallestScreenSize|layoutDirection|locale|fontScale|keyboard|keyboardHidden|navigation|mcc|mnc|density"
37-->android-demo/android-build/AndroidManifest.xml:28:19-188
38            android:exported="true"
38-->android-demo/android-build/AndroidManifest.xml:33:19-42
39            android:label="Qt Android Demo"
39-->android-demo/android-build/AndroidManifest.xml:30:19-50
40            android:launchMode="singleTop"
40-->android-demo/android-build/AndroidManifest.xml:32:19-49
41            android:screenOrientation="unspecified" >
41-->android-demo/android-build/AndroidManifest.xml:31:19-58
42            <intent-filter>
42-->android-demo/android-build/AndroidManifest.xml:34:13-37:29
43                <action android:name="android.intent.action.MAIN" />
43-->android-demo/android-build/AndroidManifest.xml:35:17-68
43-->android-demo/android-build/AndroidManifest.xml:35:25-66
44
45                <category android:name="android.intent.category.LAUNCHER" />
45-->android-demo/android-build/AndroidManifest.xml:36:17-76
45-->android-demo/android-build/AndroidManifest.xml:36:27-74
46            </intent-filter>
47
48            <!-- Qt相关的metadata -->
49            <meta-data
49-->android-demo/android-build/AndroidManifest.xml:40:13-91
50                android:name="android.app.lib_name"
50-->android-demo/android-build/AndroidManifest.xml:40:24-59
51                android:value="QtAndroidDemo" />
51-->android-demo/android-build/AndroidManifest.xml:40:60-89
52            <meta-data
52-->android-demo/android-build/AndroidManifest.xml:41:13-112
53                android:name="android.app.qt_sources_resource_id"
53-->android-demo/android-build/AndroidManifest.xml:41:24-73
54                android:resource="@array/qt_sources" />
54-->android-demo/android-build/AndroidManifest.xml:41:74-110
55            <meta-data
55-->android-demo/android-build/AndroidManifest.xml:42:13-87
56                android:name="android.app.repository"
56-->android-demo/android-build/AndroidManifest.xml:42:24-61
57                android:value="default" />
57-->android-demo/android-build/AndroidManifest.xml:42:62-85
58            <meta-data
58-->android-demo/android-build/AndroidManifest.xml:43:13-106
59                android:name="android.app.qt_libs_resource_id"
59-->android-demo/android-build/AndroidManifest.xml:43:24-70
60                android:resource="@array/qt_libs" />
60-->android-demo/android-build/AndroidManifest.xml:43:71-104
61            <meta-data
61-->android-demo/android-build/AndroidManifest.xml:44:13-116
62                android:name="android.app.bundled_libs_resource_id"
62-->android-demo/android-build/AndroidManifest.xml:44:24-75
63                android:resource="@array/bundled_libs" />
63-->android-demo/android-build/AndroidManifest.xml:44:76-114
64
65            <!-- Qt主题 -->
66            <meta-data
66-->android-demo/android-build/AndroidManifest.xml:47:13-98
67                android:name="android.app.extract_android_style"
67-->android-demo/android-build/AndroidManifest.xml:47:24-72
68                android:value="minimal" />
68-->android-demo/android-build/AndroidManifest.xml:47:73-96
69
70            <!-- 启动画面 -->
71            <meta-data
71-->android-demo/android-build/AndroidManifest.xml:50:13-109
72                android:name="android.app.splash_screen_drawable"
72-->android-demo/android-build/AndroidManifest.xml:50:24-73
73                android:resource="@drawable/logo" />
73-->android-demo/android-build/AndroidManifest.xml:50:74-107
74            <meta-data
74-->android-demo/android-build/AndroidManifest.xml:51:13-95
75                android:name="android.app.splash_screen_sticky"
75-->android-demo/android-build/AndroidManifest.xml:51:24-71
76                android:value="false" />
76-->android-demo/android-build/AndroidManifest.xml:51:72-93
77        </activity>
78
79        <provider
79-->[androidx.profileinstaller:profileinstaller:1.3.0] AndroidManifest.xml:24:9-32:20
80            android:name="androidx.startup.InitializationProvider"
80-->[androidx.profileinstaller:profileinstaller:1.3.0] AndroidManifest.xml:25:13-67
81            android:authorities="org.qtproject.example.qtandroiddemo.androidx-startup"
81-->[androidx.profileinstaller:profileinstaller:1.3.0] AndroidManifest.xml:26:13-68
82            android:exported="false" >
82-->[androidx.profileinstaller:profileinstaller:1.3.0] AndroidManifest.xml:27:13-37
83            <meta-data
83-->[androidx.profileinstaller:profileinstaller:1.3.0] AndroidManifest.xml:29:13-31:52
84                android:name="androidx.profileinstaller.ProfileInstallerInitializer"
84-->[androidx.profileinstaller:profileinstaller:1.3.0] AndroidManifest.xml:30:17-85
85                android:value="androidx.startup" />
85-->[androidx.profileinstaller:profileinstaller:1.3.0] AndroidManifest.xml:31:17-49
86        </provider>
87
88        <receiver
88-->[androidx.profileinstaller:profileinstaller:1.3.0] AndroidManifest.xml:34:9-52:20
89            android:name="androidx.profileinstaller.ProfileInstallReceiver"
89-->[androidx.profileinstaller:profileinstaller:1.3.0] AndroidManifest.xml:35:13-76
90            android:directBootAware="false"
90-->[androidx.profileinstaller:profileinstaller:1.3.0] AndroidManifest.xml:36:13-44
91            android:enabled="true"
91-->[androidx.profileinstaller:profileinstaller:1.3.0] AndroidManifest.xml:37:13-35
92            android:exported="true"
92-->[androidx.profileinstaller:profileinstaller:1.3.0] AndroidManifest.xml:38:13-36
93            android:permission="android.permission.DUMP" >
93-->[androidx.profileinstaller:profileinstaller:1.3.0] AndroidManifest.xml:39:13-57
94            <intent-filter>
94-->[androidx.profileinstaller:profileinstaller:1.3.0] AndroidManifest.xml:40:13-42:29
95                <action android:name="androidx.profileinstaller.action.INSTALL_PROFILE" />
95-->[androidx.profileinstaller:profileinstaller:1.3.0] AndroidManifest.xml:41:17-91
95-->[androidx.profileinstaller:profileinstaller:1.3.0] AndroidManifest.xml:41:25-88
96            </intent-filter>
97            <intent-filter>
97-->[androidx.profileinstaller:profileinstaller:1.3.0] AndroidManifest.xml:43:13-45:29
98                <action android:name="androidx.profileinstaller.action.SKIP_FILE" />
98-->[androidx.profileinstaller:profileinstaller:1.3.0] AndroidManifest.xml:44:17-85
98-->[androidx.profileinstaller:profileinstaller:1.3.0] AndroidManifest.xml:44:25-82
99            </intent-filter>
100            <intent-filter>
100-->[androidx.profileinstaller:profileinstaller:1.3.0] AndroidManifest.xml:46:13-48:29
101                <action android:name="androidx.profileinstaller.action.SAVE_PROFILE" />
101-->[androidx.profileinstaller:profileinstaller:1.3.0] AndroidManifest.xml:47:17-88
101-->[androidx.profileinstaller:profileinstaller:1.3.0] AndroidManifest.xml:47:25-85
102            </intent-filter>
103            <intent-filter>
103-->[androidx.profileinstaller:profileinstaller:1.3.0] AndroidManifest.xml:49:13-51:29
104                <action android:name="androidx.profileinstaller.action.BENCHMARK_OPERATION" />
104-->[androidx.profileinstaller:profileinstaller:1.3.0] AndroidManifest.xml:50:17-95
104-->[androidx.profileinstaller:profileinstaller:1.3.0] AndroidManifest.xml:50:25-92
105            </intent-filter>
106        </receiver>
107    </application>
108
109</manifest>